<?xml version="1.0" encoding="UTF-8"?>
<!-- Generated by org.testng.reporters.JUnitXMLReporter -->
<testsuite ignored="0" hostname="LAPTOP-66B9Q4LL" failures="0" tests="8" name="Surefire test" time="0.093" errors="0" timestamp="2025-05-25T16:58:02 WIB">
  <testcase classname="testng.AssertTest" name="testMethod" time="0.013"/>
  <testcase classname="testng.DataProviderTest" name="testMethod" time="0.0"/>
  <testcase classname="testng.DataProviderTest" name="testMethod" time="0.0"/>
  <testcase classname="testng.DataProviderTest" name="testMethod" time="0.0"/>
  <testcase classname="testng.RetryTest" name="flackyTest" time="0.008">
    <skipped/>
  </testcase> <!-- flackyTest -->
  <testcase classname="testng.RetryTest" name="flackyTest" time="0.001">
    <skipped/>
  </testcase> <!-- flackyTest -->
  <testcase classname="testng.RetryTest" name="flackyTest" time="0.001"/>
  <testcase classname="testng.SimpleTest" name="testMethod" time="0.003"/>
</testsuite> <!-- Surefire test -->
