<?xml version="1.0" encoding="UTF-8"?>
<testsuite xmlns:xsi="http://www.w3.org/2001/XMLSchema-instance" xsi:noNamespaceSchemaLocation="https://maven.apache.org/surefire/maven-surefire-plugin/xsd/surefire-test-report.xsd" version="3.0.2" name="TestSuite" time="10.636" tests="4" errors="0" skipped="0" failures="0">
  <properties>
[...]
</properties>
  <testcase name="runScenario[&quot;Add a new Object with valid data&quot;, &quot;Add Object via API with authentication&quot;](1)" classname="cucumber.runners.CucumberRunner" time="3.996">
    <system-out><![CDATA[
@withLogin
Scenario: Add a new Object with valid data                # src/test/java/cucumber/features/add_object.feature:7
Login Response body: {
    "token": "eyJhbGciOiJIUzI1NiIsInR5cCI6IkpXVCJ9.eyJpZCI6IjI1NSIsImlhdCI6MTc0ODY2NzMwOH0.qKvaRdjqyQoD1Hx9nRoDek77RWhLNgYQdxevvhR_i8U"
}
Sending POST request to: https://whitesmokehouse.com/webhook/api/objects
  When I send "POST" request to "/api/objects" with body: # cucumber.definitions.AddObject.sendHttpRequest(java.lang.String,java.lang.String,java.lang.String)
  Then The add response status code should be 200         # cucumber.definitions.AddObject.verifyResponseStatusCode(int)
  And The add response id should not be null              # cucumber.definitions.AddObject.verifyResponseIdNotNull()
  And I save the object ID                                # cucumber.definitions.AddObject.saveObjectId()
  And The add response name should be "Tab Galaxy S10"    # cucumber.definitions.AddObject.verifyResponseName(java.lang.String)
  And The add response year should be "2025"              # cucumber.definitions.AddObject.verifyResponseYear(java.lang.String)
  And The add response price should be 3000               # cucumber.definitions.AddObject.verifyResponsePrice(int)
  And The add response cpu model should be "iOS 17"       # cucumber.definitions.AddObject.verifyResponseCpuModel(java.lang.String)
  And The add response hard disk size should be "1 TB"    # cucumber.definitions.AddObject.verifyResponseHardDiskSize(java.lang.String)
  And The add response capacity should be "255"           # cucumber.definitions.AddObject.verifyResponseCapacity(java.lang.String)
  And The add response screen size should be "7"          # cucumber.definitions.AddObject.verifyResponseScreenSize(java.lang.String)
  And The add response color should be "Black"            # cucumber.definitions.AddObject.verifyResponseColor(java.lang.String)
]]></system-out>
    <system-err><![CDATA[SLF4J(W): No SLF4J providers were found.
SLF4J(W): Defaulting to no-operation (NOP) logger implementation
SLF4J(W): See https://www.slf4j.org/codes.html#noProviders for further details.
]]></system-err>
  </testcase>
  <testcase name="runScenario[&quot;Delete an existing object&quot;, &quot;Delete Object via API with authentication&quot;](2)" classname="cucumber.runners.CucumberRunner" time="2.582">
    <system-out><![CDATA[
@withLogin
Scenario: Delete an existing object                                                               # src/test/java/cucumber/features/delete_object.feature:7
Login Response body: {
    "token": "eyJhbGciOiJIUzI1NiIsInR5cCI6IkpXVCJ9.eyJpZCI6IjI1NSIsImlhdCI6MTc0ODY2NzMxMX0.5A6GwfRHDLbTgnWABM2MUEkfuQ-dGoLZ4xdHNHm5hmc"
}
Sending GET request to: https://whitesmokehouse.com/webhook/api/objects/
  Given I send "GET" request to "/api/objects/" with body:                                        # cucumber.definitions.AddObject.sendHttpRequest(java.lang.String,java.lang.String,java.lang.String)
Saving the first id of an existing object.
  And I save the first id of existing Object                                                      # cucumber.definitions.UpdateObject.saveFirstIdOfExistingObject()
First Object ID: 1031
First Object ID: 1031
Sending DELETE request to: https://whitesmokehouse.com/webhook/d79a30ed-1066-48b6-83f5-556120afc46f/api/objects/1031
  When I send "DELETE" request to "/d79a30ed-1066-48b6-83f5-556120afc46f/api/objects/" with body: # cucumber.definitions.AddObject.sendHttpRequest(java.lang.String,java.lang.String,java.lang.String)
  Then The delete response status code should be 200                                              # cucumber.definitions.DeleteObject.verifyDeleteResponseStatusCode(int)
  And The delete response status should be "deleted"                                              # cucumber.definitions.DeleteObject.verifyDeleteResponseStatus(java.lang.String)
First Object ID: 1031
  And The delete response message should be "delete-message-positive"                             # cucumber.definitions.DeleteObject.verifyDeleteResponseMessage(java.lang.String)
]]></system-out>
  </testcase>
  <testcase name="runScenario[&quot;Delete a deleted object&quot;, &quot;Delete Object via API with authentication&quot;](3)" classname="cucumber.runners.CucumberRunner" time="1.329">
    <system-out><![CDATA[
@withLogin
Scenario: Delete a deleted object                                                                 # src/test/java/cucumber/features/delete_object.feature:22
Login Response body: {
    "token": "eyJhbGciOiJIUzI1NiIsInR5cCI6IkpXVCJ9.eyJpZCI6IjI1NSIsImlhdCI6MTc0ODY2NzMxM30.v27FdeDIP2dJolRn12mNJ36oocoMauBc3Oo2DrtMqMg"
}
First Object ID: 1031
First Object ID: 1031
Sending DELETE request to: https://whitesmokehouse.com/webhook/d79a30ed-1066-48b6-83f5-556120afc46f/api/objects/1031
  When I send "DELETE" request to "/d79a30ed-1066-48b6-83f5-556120afc46f/api/objects/" with body: # cucumber.definitions.AddObject.sendHttpRequest(java.lang.String,java.lang.String,java.lang.String)
  Then The delete response status code should be 200                                              # cucumber.definitions.DeleteObject.verifyDeleteResponseStatusCode(int)
  And The delete response status should be "failed"                                               # cucumber.definitions.DeleteObject.verifyDeleteResponseStatus(java.lang.String)
First Object ID: 1031
  And The delete response message should be "delete-message-negative"                             # cucumber.definitions.DeleteObject.verifyDeleteResponseMessage(java.lang.String)
]]></system-out>
  </testcase>
  <testcase name="runScenario[&quot;Update an existing Object with valid data&quot;, &quot;Update Object via API with authentication&quot;](4)" classname="cucumber.runners.CucumberRunner" time="1.414">
    <system-out><![CDATA[
@withLogin
Scenario: Update an existing Object with valid data                                            # src/test/java/cucumber/features/update_object.feature:7
Login Response body: {
    "token": "eyJhbGciOiJIUzI1NiIsInR5cCI6IkpXVCJ9.eyJpZCI6IjI1NSIsImlhdCI6MTc0ODY2NzMxNX0.I0xVUGF7_72tCBEEJXQrOdiuPWyvUXPuhUH_CnTErOQ"
}
Successful Added Object with ID: 1032
Successful Added Object with ID: 1032
Sending PUT request to: https://whitesmokehouse.com/webhook/37777abe-a5ef-4570-a383-c99b5f5f7906/api/objects/1032
  When I send "PUT" request to "/37777abe-a5ef-4570-a383-c99b5f5f7906/api/objects/" with body: # cucumber.definitions.AddObject.sendHttpRequest(java.lang.String,java.lang.String,java.lang.String)
  Then The update response status code should be 200                                           # cucumber.definitions.UpdateObject.verifyUpdateResponseStatusCode(int)
Update response ID: 1032
  And The update response id should not be null                                                # cucumber.definitions.UpdateObject.verifyUpdateResponseIdNotNull()
  And The update response name should be "Samsung Flip 17"                                     # cucumber.definitions.UpdateObject.verifyUpdateResponseName(java.lang.String)
  And The update response year should be "2029"                                                # cucumber.definitions.UpdateObject.verifyUpdateResponseYear(java.lang.String)
  And The update response price should be 20987.72                                             # cucumber.definitions.UpdateObject.verifyUpdateResponsePrice(java.lang.Double)
  And The update response cpu model should be "Exynos"                                         # cucumber.definitions.UpdateObject.verifyUpdateResponseCpuModel(java.lang.String)
  And The update response hard disk size should be "2 GB"                                      # cucumber.definitions.UpdateObject.verifyUpdateResponseHardDiskSize(java.lang.String)
  And The update response capacity should be "120"                                             # cucumber.definitions.UpdateObject.verifyUpdateResponseCapacity(java.lang.String)
  And The update response screen size should be "7.6"                                          # cucumber.definitions.UpdateObject.verifyUpdateResponseScreenSize(java.lang.String)
  And The update response color should be "Purple"                                             # cucumber.definitions.UpdateObject.verifyUpdateResponseColor(java.lang.String)
]]></system-out>
  </testcase>
</testsuite>