<?xml version="1.0" encoding="UTF-8"?>
<testng-results ignored="0" total="1" passed="1" failed="0" skipped="0">
  <reporter-output>
  </reporter-output>
  <suite started-at="2025-06-26T23:32:39 WIB" name="RunnerRegresionCucumber" finished-at="2025-06-26T23:33:04 WIB" duration-ms="25048">
    <groups>
      <group name="cucumber">
        <method signature="AbstractTestNGCucumberTests.runScenario(io.cucumber.testng.PickleWrapper,io.cucumber.testng.FeatureWrapper)[pri:0, instance:selenium_page_factory.test_suites_cucumber.runners.CucumberRunnerUI@195113de]" name="runScenario" class="io.cucumber.testng.AbstractTestNGCucumberTests"/>
      </group> <!-- cucumber -->
    </groups>
    <test started-at="2025-06-26T23:32:39 WIB" name="RunnerRegresionCucumber" finished-at="2025-06-26T23:33:04 WIB" duration-ms="25048">
      <class name="selenium_page_factory.test_suites_cucumber.runners.CucumberRunnerUI">
        <test-method is-config="true" signature="setUpClass(org.testng.ITestContext)[pri:0, instance:selenium_page_factory.test_suites_cucumber.runners.CucumberRunnerUI@195113de]" started-at="2025-06-26T23:32:39 WIB" name="setUpClass" finished-at="2025-06-26T23:32:40 WIB" duration-ms="724" status="PASS">
          <params>
            <param index="0">
              <value>
                <![CDATA[org.testng.TestRunner@79d63a4f]]>
              </value>
            </param>
          </params>
          <reporter-output>
          </reporter-output>
        </test-method> <!-- setUpClass -->
        <test-method signature="runScenario(io.cucumber.testng.PickleWrapper,io.cucumber.testng.FeatureWrapper)[pri:0, instance:selenium_page_factory.test_suites_cucumber.runners.CucumberRunnerUI@195113de]" started-at="2025-06-26T23:32:40 WIB" name="runScenario" description="Runs Cucumber Scenarios" data-provider="scenarios" finished-at="2025-06-26T23:33:04 WIB" duration-ms="24185" status="PASS">
          <params>
            <param index="0">
              <value>
                <![CDATA[""]]>
              </value>
            </param>
            <param index="1">
              <value>
                <![CDATA["Checkout Product E2E"]]>
              </value>
            </param>
          </params>
          <reporter-output>
          </reporter-output>
        </test-method> <!-- runScenario -->
        <test-method is-config="true" signature="tearDownClass()[pri:0, instance:selenium_page_factory.test_suites_cucumber.runners.CucumberRunnerUI@195113de]" started-at="2025-06-26T23:33:04 WIB" name="tearDownClass" finished-at="2025-06-26T23:33:04 WIB" duration-ms="69" status="PASS">
          <reporter-output>
          </reporter-output>
        </test-method> <!-- tearDownClass -->
        <test-method is-config="true" signature="after_suite()[pri:0, instance:selenium_page_factory.test_suites_cucumber.runners.CucumberRunnerUI@195113de]" started-at="2025-06-26T23:33:04 WIB" name="after_suite" finished-at="2025-06-26T23:33:05 WIB" duration-ms="1298" status="PASS">
          <reporter-output>
          </reporter-output>
        </test-method> <!-- after_suite -->
      </class> <!-- selenium_page_factory.test_suites_cucumber.runners.CucumberRunnerUI -->
    </test> <!-- RunnerRegresionCucumber -->
  </suite> <!-- RunnerRegresionCucumber -->
</testng-results>
