<?xml version="1.0" encoding="UTF-8"?>
<testsuite xmlns:xsi="http://www.w3.org/2001/XMLSchema-instance" xsi:noNamespaceSchemaLocation="https://maven.apache.org/surefire/maven-surefire-plugin/xsd/surefire-test-report.xsd" version="3.0.2" name="TestSuite" time="9.723" tests="8" errors="0" skipped="0" failures="0">
  <properties>
[...]
</properties>
  <testcase name="RegisterUser" classname="scenario_e2e.pojo.PojoRegisterUserE2E" time="3.026">
    <system-out><![CDATA[Request method:	POST
Request URI:	https://whitesmokehouse.com/webhook/api/register
Proxy:			<none>
Request params:	<none>
Query params:	<none>
Form params:	<none>
Path params:	<none>
Headers:		Accept=*/*
				Content-Type=application/json
Cookies:		<none>
Multiparts:		<none>
Body:
{
    "email": "mamang_38@gmail.com",
    "full_name": "Mamang Hidayat",
    "password": "t@st12345",
    "department": "Human Resource",
    "phone_number": "08123456789"
}
Response: {
    "id": "601",
    "email": "mamang_38@gmail.com",
    "full_name": "Mamang Hidayat",
    "department": "Human Resource",
    "phone_number": "08123456789",
    "create_at": "2025-05-24T10:49:07.173Z",
    "update_at": "2025-05-24T10:49:07.173Z"
}
Response: {
    "id": "601",
    "email": "mamang_38@gmail.com",
    "full_name": "Mamang Hidayat",
    "department": "Human Resource",
    "phone_number": "08123456789",
    "create_at": "2025-05-24T10:49:07.173Z",
    "update_at": "2025-05-24T10:49:07.173Z"
}
]]></system-out>
    <system-err><![CDATA[SLF4J(W): No SLF4J providers were found.
SLF4J(W): Defaulting to no-operation (NOP) logger implementation
SLF4J(W): See https://www.slf4j.org/codes.html#noProviders for further details.
]]></system-err>
  </testcase>
  <testcase name="LoginUser" classname="scenario_e2e.pojo.PojoRegisterUserE2E" time="1.176">
    <system-out><![CDATA[Request method:	POST
Request URI:	https://whitesmokehouse.com/webhook/api/login
Proxy:			<none>
Request params:	<none>
Query params:	<none>
Form params:	<none>
Path params:	<none>
Headers:		Accept=*/*
				Content-Type=application/json
Cookies:		<none>
Multiparts:		<none>
Body:
{
    "email": "mamang_38@gmail.com",
    "full_name": "Mamang Hidayat",
    "password": "t@st12345",
    "department": "Human Resource",
    "phone_number": "08123456789"
}
Response: {
    "token": "eyJhbGciOiJIUzI1NiIsInR5cCI6IkpXVCJ9.eyJpZCI6IjYwMSIsImlhdCI6MTc0ODA4Mzc0OH0.b2JsrcZynKPSGmbW6SVZPQbY8CW5WwAslob2BsT-3jY"
}
]]></system-out>
  </testcase>
  <testcase name="addObject" classname="scenario_e2e.pojo.PojoAddObjectE2E" time="1.485">
    <system-out><![CDATA[Request method:	POST
Request URI:	https://whitesmokehouse.com/webhook/api/objects
Proxy:			<none>
Request params:	<none>
Query params:	<none>
Form params:	<none>
Path params:	<none>
Headers:		Authorization=Bearer eyJhbGciOiJIUzI1NiIsInR5cCI6IkpXVCJ9.eyJpZCI6IjYwMSIsImlhdCI6MTc0ODA4Mzc0OH0.b2JsrcZynKPSGmbW6SVZPQbY8CW5WwAslob2BsT-3jY
				Accept=*/*
				Content-Type=application/json
Cookies:		<none>
Multiparts:		<none>
Body:
{
    "name": "Samsung A53 5G",
    "data": {
        "year": "2022",
        "price": 3000.0,
        "cpu_model": "Exynos",
        "hard_disk_size": "256 GB",
        "capacity": "123",
        "screen_size": "5",
        "color": "Black"
    }
}
Object has been added successfully with ID: 490
Response: [
    {
        "id": 490,
        "name": "Samsung A53 5G",
        "data": {
            "year": "2022",
            "price": 3000,
            "cpu_model": "Exynos",
            "hard_disk_size": "256 GB",
            "color": "Black",
            "capacity": "123",
            "screen_size": "5"
        }
    }
]
]]></system-out>
  </testcase>
  <testcase name="getListObjectbyId" classname="scenario_e2e.pojo.PojoAddObjectE2E" time="0.734">
    <system-out><![CDATA[Request method:	GET
Request URI:	https://whitesmokehouse.com/webhook/api/objectslistId?id=490
Proxy:			<none>
Request params:	<none>
Query params:	<none>
Form params:	<none>
Path params:	<none>
Headers:		Authorization=Bearer eyJhbGciOiJIUzI1NiIsInR5cCI6IkpXVCJ9.eyJpZCI6IjYwMSIsImlhdCI6MTc0ODA4Mzc0OH0.b2JsrcZynKPSGmbW6SVZPQbY8CW5WwAslob2BsT-3jY
				Accept=*/*
				Content-Type=application/json
Cookies:		<none>
Multiparts:		<none>
Body:			<none>
Validate Get List By ID: 490
Response: [
    {
        "id": 490,
        "name": "Samsung A53 5G",
        "data": {
            "year": "2022",
            "price": "3000",
            "cpu_model": "Exynos",
            "hard_disk_size": "256 GB",
            "color": "Black",
            "capacity": 123,
            "screen_size": 5
        }
    }
]
]]></system-out>
  </testcase>
  <testcase name="getSingleObject" classname="scenario_e2e.pojo.PojoAddObjectE2E" time="0.677">
    <system-out><![CDATA[Request method:	GET
Request URI:	https://whitesmokehouse.com/webhook/8749129e-f5f7-4ae6-9b03-93be7252443c/api/objects/490
Proxy:			<none>
Request params:	<none>
Query params:	<none>
Form params:	<none>
Path params:	<none>
Headers:		Authorization=Bearer eyJhbGciOiJIUzI1NiIsInR5cCI6IkpXVCJ9.eyJpZCI6IjYwMSIsImlhdCI6MTc0ODA4Mzc0OH0.b2JsrcZynKPSGmbW6SVZPQbY8CW5WwAslob2BsT-3jY
				Accept=*/*
				Content-Type=application/json
Cookies:		<none>
Multiparts:		<none>
Body:			<none>
Validate Get Single Object for ID: 490
Response: {
    "id": 490,
    "name": "Samsung A53 5G",
    "data": {
        "year": "2022",
        "price": "3000",
        "cpu_model": "Exynos",
        "hard_disk_size": "256 GB",
        "color": "Black",
        "capacity": 123,
        "screen_size": 5
    }
}
]]></system-out>
  </testcase>
  <testcase name="deleteObject" classname="scenario_e2e.pojo.PojoDeleteObjectE2E" time="0.666">
    <system-out><![CDATA[Request method:	DELETE
Request URI:	https://whitesmokehouse.com/webhook/d79a30ed-1066-48b6-83f5-556120afc46f/api/objects/490
Proxy:			<none>
Request params:	<none>
Query params:	<none>
Form params:	<none>
Path params:	<none>
Headers:		Authorization=Bearer eyJhbGciOiJIUzI1NiIsInR5cCI6IkpXVCJ9.eyJpZCI6IjYwMSIsImlhdCI6MTc0ODA4Mzc0OH0.b2JsrcZynKPSGmbW6SVZPQbY8CW5WwAslob2BsT-3jY
				Accept=*/*
				Content-Type=application/json
Cookies:		<none>
Multiparts:		<none>
Body:			<none>
Validate Delete Object for ID: 490
Response: {
    "status": "deleted",
    "message": "Object with id = 490, has been deleted."
}
]]></system-out>
  </testcase>
  <testcase name="getListObjectbyId" classname="scenario_e2e.pojo.PojoDeleteObjectE2E" time="0.651">
    <system-out><![CDATA[Request method:	GET
Request URI:	https://whitesmokehouse.com/webhook/api/objectslistId?id=490
Proxy:			<none>
Request params:	<none>
Query params:	<none>
Form params:	<none>
Path params:	<none>
Headers:		Authorization=Bearer eyJhbGciOiJIUzI1NiIsInR5cCI6IkpXVCJ9.eyJpZCI6IjYwMSIsImlhdCI6MTc0ODA4Mzc0OH0.b2JsrcZynKPSGmbW6SVZPQbY8CW5WwAslob2BsT-3jY
				Accept=*/*
				Content-Type=application/json
Cookies:		<none>
Multiparts:		<none>
Body:			<none>
Validate Get List By the Deleted ID: 490
]]></system-out>
  </testcase>
  <testcase name="getSingleObject" classname="scenario_e2e.pojo.PojoDeleteObjectE2E" time="0.648">
    <system-out><![CDATA[Request method:	GET
Request URI:	https://whitesmokehouse.com/webhook/8749129e-f5f7-4ae6-9b03-93be7252443c/api/objects/490
Proxy:			<none>
Request params:	<none>
Query params:	<none>
Form params:	<none>
Path params:	<none>
Headers:		Authorization=Bearer eyJhbGciOiJIUzI1NiIsInR5cCI6IkpXVCJ9.eyJpZCI6IjYwMSIsImlhdCI6MTc0ODA4Mzc0OH0.b2JsrcZynKPSGmbW6SVZPQbY8CW5WwAslob2BsT-3jY
				Accept=*/*
				Content-Type=application/json
Cookies:		<none>
Multiparts:		<none>
Body:			<none>
Validate Get Single Object for the Deleted ID: 490
]]></system-out>
  </testcase>
</testsuite>