<?xml version="1.0" encoding="UTF-8"?>
<!-- Generated by org.testng.reporters.JUnitXMLReporter -->
<testsuite ignored="0" hostname="LAPTOP-66B9Q4LL" failures="0" tests="8" name="SimpleRegression" time="9.132" errors="0" timestamp="2025-05-24T17:49:15 WIB">
  <testcase classname="scenario_e2e.pojo.PojoRegisterUserE2E" name="RegisterUser" time="3.026"/>
  <testcase classname="scenario_e2e.pojo.PojoRegisterUserE2E" name="LoginUser" time="1.176"/>
  <testcase classname="scenario_e2e.pojo.PojoAddObjectE2E" name="addObject" time="1.484"/>
  <testcase classname="scenario_e2e.pojo.PojoAddObjectE2E" name="getListObjectbyId" time="0.733"/>
  <testcase classname="scenario_e2e.pojo.PojoAddObjectE2E" name="getSingleObject" time="0.677"/>
  <testcase classname="scenario_e2e.pojo.PojoDeleteObjectE2E" name="deleteObject" time="0.666"/>
  <testcase classname="scenario_e2e.pojo.PojoDeleteObjectE2E" name="getListObjectbyId" time="0.651"/>
  <testcase classname="scenario_e2e.pojo.PojoDeleteObjectE2E" name="getSingleObject" time="0.648"/>
</testsuite> <!-- SimpleRegression -->
