<?xml version="1.0" encoding="UTF-8"?>
<!-- Generated by org.testng.reporters.JUnitXMLReporter -->
<testsuite ignored="0" hostname="LAPTOP-66B9Q4LL" failures="0" tests="8" name="SimpleRegression" time="0.171" errors="0" timestamp="2025-05-14T04:50:39 WIB">
  <testcase classname="testng.DataProviderTest" name="testMethod" time="0.007"/>
  <testcase classname="testng.DataProviderTest" name="testMethod" time="0.004"/>
  <testcase classname="testng.DataProviderTest" name="testMethod" time="0.0"/>
  <testcase classname="testng.SimpleTest" name="testMethod" time="0.0"/>
  <testcase classname="testng.AssertTest" name="testMethod" time="0.006"/>
  <testcase classname="testng.RetryTest" name="flackyTest" time="0.017">
    <skipped/>
  </testcase> <!-- flackyTest -->
  <testcase classname="testng.RetryTest" name="flackyTest" time="0.007">
    <skipped/>
  </testcase> <!-- flackyTest -->
  <testcase classname="testng.RetryTest" name="flackyTest" time="0.003"/>
</testsuite> <!-- SimpleRegression -->
