<?xml version="1.0" encoding="UTF-8"?>
<!-- Generated by org.testng.reporters.JUnitXMLReporter -->
<testsuite ignored="0" hostname="LAPTOP-66B9Q4LL" failures="0" tests="6" name="SeleniumSuite" time="22.0" errors="0" timestamp="2025-06-16T17:07:58 WIB">
  <testcase classname="selenium_e2e.CheckoutFlowE2E" name="loginToPlatform" time="1.172"/>
  <testcase classname="selenium_e2e.CheckoutFlowE2E" name="searchProduct" time="6.439"/>
  <testcase classname="selenium_e2e.CheckoutFlowE2E" name="addProductToCartFromList" time="3.173"/>
  <testcase classname="selenium_e2e.CheckoutFlowE2E" name="viewCart" time="3.416"/>
  <testcase classname="selenium_e2e.CheckoutFlowE2E" name="proceedToCheckoutWithoutCoupon" time="7.45"/>
  <testcase classname="selenium_e2e.CheckoutFlowE2E" name="validateOrderSuccess" time="0.253"/>
</testsuite> <!-- SeleniumSuite -->
