<?xml version="1.0" encoding="UTF-8"?>
<!-- Generated by org.testng.reporters.JUnitXMLReporter -->
<testsuite ignored="0" hostname="LAPTOP-66B9Q4LL" failures="0" tests="6" name="SeleniumSuite" time="21.818" errors="0" timestamp="2025-06-17T09:34:55 WIB">
  <testcase classname="selenium_e2e.CheckoutFlowE2E" name="loginToPlatform" time="1.002"/>
  <testcase classname="selenium_e2e.CheckoutFlowE2E" name="searchProduct" time="6.408"/>
  <testcase classname="selenium_e2e.CheckoutFlowE2E" name="addProductToCartFromList" time="3.193"/>
  <testcase classname="selenium_e2e.CheckoutFlowE2E" name="viewCart" time="3.311"/>
  <testcase classname="selenium_e2e.CheckoutFlowE2E" name="proceedToCheckoutWithoutCoupon" time="7.652"/>
  <testcase classname="selenium_e2e.CheckoutFlowE2E" name="validateOrderSuccess" time="0.179"/>
</testsuite> <!-- SeleniumSuite -->
